[    0.000000] Initializing cgroup subsys cpuset
[    0.000000] Initializing cgroup subsys cpu
[    0.000000] Initializing cgroup subsys cpuacct
[    0.000000] Linux version 4.4.0-210-generic (buildd@lgw01-amd64-009) (gcc version 5.4.0 20160609 (Ubuntu 5.4.0-6ubuntu1~16.04.12) ) #242-Ubuntu SMP Fri Apr 16 09:57:56 UTC 2021 (Ubuntu 4.4.0-210.242-generic 4.4.262)
[    0.000000] Command line: BOOT_IMAGE=/boot/vmlinuz-4.4.0-210-generic root=LABEL=cloudimg-rootfs ro console=tty1 console=ttyS0
[    0.000000] KERNEL supported cpus:
[    0.000000]   Intel GenuineIntel
[    0.000000]   AMD AuthenticAMD
[    0.000000]   Centaur CentaurHauls
[    0.000000] x86/fpu: xstate_offset[2]:  576, xstate_sizes[2]:  256
[    0.000000] x86/fpu: Supporting XSAVE feature 0x01: 'x87 floating point registers'
[    0.000000] x86/fpu: Supporting XSAVE feature 0x02: 'SSE registers'
[    0.000000] x86/fpu: Supporting XSAVE feature 0x04: 'AVX registers'
[    0.000000] x86/fpu: Enabled xstate features 0x7, context size is 832 bytes, using 'standard' format.
[    0.000000] e820: BIOS-provided physical RAM map:
[    0.000000] BIOS-e820: [mem 0x0000000000000000-0x000000000009fbff] usable
[    0.000000] BIOS-e820: [mem 0x000000000009fc00-0x000000000009ffff] reserved
[    0.000000] BIOS-e820: [mem 0x00000000000f0000-0x00000000000fffff] reserved
[    0.000000] BIOS-e820: [mem 0x0000000000100000-0x000000003ffeffff] usable
[    0.000000] BIOS-e820: [mem 0x000000003fff0000-0x000000003fffffff] ACPI data
[    0.000000] BIOS-e820: [mem 0x00000000fec00000-0x00000000fec00fff] reserved
[    0.000000] BIOS-e820: [mem 0x00000000fee00000-0x00000000fee00fff] reserved
[    0.000000] BIOS-e820: [mem 0x00000000fffc0000-0x00000000ffffffff] reserved
[    0.000000] NX (Execute Disable) protection: active
[    0.000000] SMBIOS 2.5 present.
[    0.000000] Hypervisor detected: KVM
[    0.000000] e820: last_pfn = 0x3fff0 max_arch_pfn = 0x400000000
[    0.000000] MTRR: Disabled
[    0.000000] x86/PAT: MTRRs disabled, skipping PAT initialization too.
[    0.000000] CPU MTRRs all blank - virtualized system.
[    0.000000] x86/PAT: Configuration [0-7]: WB  WT  UC- UC  WB  WT  UC- UC  
[    0.000000] found SMP MP-table at [mem 0x0009fff0-0x0009ffff] mapped at [ffff88000009fff0]
[    0.000000] Scanning 1 areas for low memory corruption
[    0.000000] RAMDISK: [mem 0x362dc000-0x37165fff]
[    0.000000] ACPI: Early table checksum verification disabled
[    0.000000] ACPI: RSDP 0x00000000000E0000 000024 (v02 VBOX  )
[    0.000000] ACPI: XSDT 0x000000003FFF0030 00003C (v01 VBOX   VBOXXSDT 00000001 ASL  00000061)
[    0.000000] ACPI: FACP 0x000000003FFF00F0 0000F4 (v04 VBOX   VBOXFACP 00000001 ASL  00000061)
[    0.000000] ACPI: DSDT 0x000000003FFF0470 0022EA (v02 VBOX   VBOXBIOS 00000002 INTL 20100528)
[    0.000000] ACPI: FACS 0x000000003FFF0200 000040
[    0.000000] ACPI: FACS 0x000000003FFF0200 000040
[    0.000000] ACPI: APIC 0x000000003FFF0240 00005C (v02 VBOX   VBOXAPIC 00000001 ASL  00000061)
[    0.000000] ACPI: SSDT 0x000000003FFF02A0 0001CC (v01 VBOX   VBOXCPUT 00000002 INTL 20100528)
[    0.000000] No NUMA configuration found
[    0.000000] Faking a node at [mem 0x0000000000000000-0x000000003ffeffff]
[    0.000000] NODE_DATA(0) allocated [mem 0x3ffeb000-0x3ffeffff]
[    0.000000] kvm-clock: Using msrs 4b564d01 and 4b564d00
[    0.000000] kvm-clock: cpu 0, msr fe3001, primary cpu clock
[    0.000000] kvm-clock: using sched offset of 8088030421 cycles
[    0.000000] clocksource: kvm-clock: mask: 0xffffffffffffffff max_cycles: 0x1cd42e4dffb, max_idle_ns: 881590591483 ns
[    0.000000] Zone ranges:
[    0.000000]   DMA      [mem 0x0000000000001000-0x0000000000ffffff]
[    0.000000]   DMA32    [mem 0x0000000001000000-0x000000003ffeffff]
[    0.000000]   Normal   empty
[    0.000000]   Device   empty
[    0.000000] Movable zone start for each node
[    0.000000] Early memory node ranges
[    0.000000]   node   0: [mem 0x0000000000001000-0x000000000009efff]
[    0.000000]   node   0: [mem 0x0000000000100000-0x000000003ffeffff]
[    0.000000] Initmem setup node 0 [mem 0x0000000000001000-0x000000003ffeffff]
[    0.000000] ACPI: PM-Timer IO Port: 0x4008
[    0.000000] IOAPIC[0]: apic_id 2, version 32, address 0xfec00000, GSI 0-23
[    0.000000] ACPI: INT_SRC_OVR (bus 0 bus_irq 0 global_irq 2 dfl dfl)
[    0.000000] ACPI: INT_SRC_OVR (bus 0 bus_irq 9 global_irq 9 low level)
[    0.000000] Using ACPI (MADT) for SMP configuration information
[    0.000000] smpboot: Allowing 2 CPUs, 0 hotplug CPUs
[    0.000000] PM: Registered nosave memory: [mem 0x00000000-0x00000fff]
[    0.000000] PM: Registered nosave memory: [mem 0x0009f000-0x0009ffff]
[    0.000000] PM: Registered nosave memory: [mem 0x000a0000-0x000effff]
[    0.000000] PM: Registered nosave memory: [mem 0x000f0000-0x000fffff]
[    0.000000] e820: [mem 0x40000000-0xfebfffff] available for PCI devices
[    0.000000] Booting paravirtualized kernel on KVM
[    0.000000] clocksource: refined-jiffies: mask: 0xffffffff max_cycles: 0xffffffff, max_idle_ns: 7645519600211568 ns
[    0.000000] setup_percpu: NR_CPUS:512 nr_cpumask_bits:512 nr_cpu_ids:2 nr_node_ids:1
[    0.000000] PERCPU: Embedded 33 pages/cpu @ffff88003fc00000 s95192 r8192 d31784 u1048576
[    0.000000] Built 1 zonelists in Node order, mobility grouping on.  Total pages: 257912
[    0.000000] Policy zone: DMA32
[    0.000000] Kernel command line: BOOT_IMAGE=/boot/vmlinuz-4.4.0-210-generic root=LABEL=cloudimg-rootfs ro console=tty1 console=ttyS0
[    0.000000] PID hash table entries: 4096 (order: 3, 32768 bytes)
[    0.000000] Memory: 997792K/1048120K available (8644K kernel code, 1332K rwdata, 4044K rodata, 1492K init, 1164K bss, 50328K reserved, 0K cma-reserved)
[    0.000000] SLUB: HWalign=64, Order=0-3, MinObjects=0, CPUs=2, Nodes=1
[    0.000000] Kernel/User page tables isolation: enabled
[    0.000000] Hierarchical RCU implementation.
[    0.000000] 	Build-time adjustment of leaf fanout to 64.
[    0.000000] 	RCU restricting CPUs from NR_CPUS=512 to nr_cpu_ids=2.
[    0.000000] RCU: Adjusting geometry for rcu_fanout_leaf=64, nr_cpu_ids=2
[    0.000000] NR_IRQS:33024 nr_irqs:440 16
[    0.000000] Console: colour VGA+ 80x25
[    0.000000] console [tty1] enabled
[    0.000000] console [ttyS0] enabled
[    0.000000] tsc: Detected 2893.406 MHz processor
[    0.413913] Calibrating delay loop (skipped) preset value.. 5786.81 BogoMIPS (lpj=11573624)
[    0.416375] pid_max: default: 32768 minimum: 301
[    0.418302] ACPI: Core revision 20150930
[    0.420673] ACPI: 2 ACPI AML tables successfully acquired and loaded
[    0.423315] Security Framework initialized
[    0.425063] Yama: becoming mindful.
[    0.426919] AppArmor: AppArmor initialized
[    0.428248] Dentry cache hash table entries: 131072 (order: 8, 1048576 bytes)
[    0.432354] Inode-cache hash table entries: 65536 (order: 7, 524288 bytes)
[    0.434657] Mount-cache hash table entries: 2048 (order: 2, 16384 bytes)
[    0.436403] Mountpoint-cache hash table entries: 2048 (order: 2, 16384 bytes)
[    0.438458] Initializing cgroup subsys io
[    0.439610] Initializing cgroup subsys memory
[    0.441726] Initializing cgroup subsys devices
[    0.443693] Initializing cgroup subsys freezer
[    0.445306] Initializing cgroup subsys net_cls
[    0.447629] Initializing cgroup subsys perf_event
[    0.452204] Initializing cgroup subsys net_prio
[    0.460892] Initializing cgroup subsys hugetlb
[    0.470063] Initializing cgroup subsys pids
[    0.482206] mce: CPU supports 0 MCE banks
[    0.508336] Last level iTLB entries: 4KB 512, 2MB 8, 4MB 8
[    0.520009] Last level dTLB entries: 4KB 512, 2MB 32, 4MB 32, 1GB 0
[    0.535184] Spectre V1 : Mitigation: usercopy/swapgs barriers and __user pointer sanitization
[    0.556728] Spectre V2 : Mitigation: Full generic retpoline
[    0.565293] Spectre V2 : Spectre v2 / SpectreRSB mitigation: Filling RSB on context switch
[    0.590304] Speculative Store Bypass: Vulnerable
[    0.595622] SRBDS: Unknown: Dependent on hypervisor status
[    0.598893] MDS: Mitigation: Clear CPU buffers
[    0.613451] Freeing SMP alternatives memory: 36K
[    0.636393] ftrace: allocating 32380 entries in 127 pages
[    0.717509] smpboot: APIC(0) Converting physical 0 to logical package 0
[    0.719399] smpboot: Max logical packages: 1
[    0.720884] x2apic enabled
[    0.722369] Switched APIC routing to physical x2apic.
[    0.725042] ..TIMER: vector=0x30 apic1=0 pin1=2 apic2=-1 pin2=-1
[    0.835298] smpboot: CPU0: Intel(R) Core(TM) i7-3520M CPU @ 2.90GHz (family: 0x6, model: 0x3a, stepping: 0x9)
[   0.867544] Performance Events: unsupported p6 CPU model 58 no PMU driver, software events only.
[    0.936046] KVM setup paravirtual spinlock
[    0.938612] x86: Booting SMP configuration:
[    0.941387] .... node  #0, CPUs:      #1
[    0.944645] kvm-clock: cpu 1, msr 0:3ffe3041, secondary cpu clock
[    0.948014] mce: CPU supports 0 MCE banks
[    0.968726] x86: Booted up 1 node, 2 CPUs
[    0.970069] smpboot: Total of 2 processors activated (11573.62 BogoMIPS)
[    0.972493] devtmpfs: initialized
[    0.975349] evm: security.selinux
[    0.976916] evm: security.SMACK64
[    0.977944] evm: security.SMACK64EXEC
[    0.979025] evm: security.SMACK64TRANSMUTE
[    0.980235] evm: security.SMACK64MMAP
[    0.981515] evm: security.ima
[    0.982546] evm: security.capability
[    0.983881] clocksource: jiffies: mask: 0xffffffff max_cycles: 0xffffffff, max_idle_ns: 7645041785100000 ns
[    0.986666] futex hash table entries: 512 (order: 3, 32768 bytes)
[    0.988438] pinctrl core: initialized pinctrl subsystem
[    0.990135] RTC time: 18:13:10, date: 05/20/22
[    0.992539] NET: Registered protocol family 16
[    1.004307] cpuidle: using governor ladder
[    1.017250] cpuidle: using governor menu
[    1.025079] PCCT header not found.
[    1.026996] ACPI: bus type PCI registered
[    1.028208] acpiphp: ACPI Hot Plug PCI Controller Driver version: 0.5
[    1.030096] PCI: Using configuration type 1 for base access
[    1.045130] ACPI: Added _OSI(Module Device)
[    1.046507] ACPI: Added _OSI(Processor Device)
[    1.048480] ACPI: Added _OSI(3.0 _SCP Extensions)
[    1.051759] ACPI: Added _OSI(Processor Aggregator Device)
[    1.058118] ACPI: Executed 1 blocks of module-level executable AML code
[    1.066557] ACPI: Interpreter enabled
[    1.067702] ACPI: (supports S0 S5)
[    1.068702] ACPI: Using IOAPIC for interrupt routing
[    1.070282] PCI: Using host bridge windows from ACPI; if necessary, use "pci=nocrs" and report a bug
[    1.081703] ACPI: PCI Root Bridge [PCI0] (domain 0000 [bus 00-ff])
[    1.084424] acpi PNP0A03:00: _OSC: OS supports [ASPM ClockPM Segments MSI]
[    1.089217] acpi PNP0A03:00: _OSC: not requesting OS control; OS requires [ExtendedConfig ASPM ClockPM MSI]
[    1.102002] acpi PNP0A03:00: fail to add MMCONFIG information, can't access extended PCI configuration space under this bridge.
[    1.112712] PCI host bridge to bus 0000:00
[    1.121210] pci_bus 0000:00: root bus resource [io  0x0000-0x0cf7 window]
[    1.135904] pci_bus 0000:00: root bus resource [io  0x0d00-0xffff window]
[    1.145628] pci_bus 0000:00: root bus resource [mem 0x000a0000-0x000bffff window]
[    1.152488] pci_bus 0000:00: root bus resource [mem 0x40000000-0xfdffffff window]
[    1.163132] pci_bus 0000:00: root bus resource [bus 00-ff]
[    1.175625] pci 0000:00:01.1: legacy IDE quirk: reg 0x10: [io  0x01f0-0x01f7]
[    1.201036] pci 0000:00:01.1: legacy IDE quirk: reg 0x14: [io  0x03f6]
[    1.207124] pci 0000:00:01.1: legacy IDE quirk: reg 0x18: [io  0x0170-0x0177]
[    1.229061] pci 0000:00:01.1: legacy IDE quirk: reg 0x1c: [io  0x0376]
[    1.306828] pci 0000:00:07.0: quirk: [io  0x4000-0x403f] claimed by PIIX4 ACPI
[    1.310781] pci 0000:00:07.0: quirk: [io  0x4100-0x410f] claimed by PIIX4 SMB
[    1.345850] ACPI: PCI Interrupt Link [LNKA] (IRQs 5 9 10 *11)
[    1.365056] ACPI: PCI Interrupt Link [LNKB] (IRQs 5 9 *10 11)
[    1.370836] ACPI: PCI Interrupt Link [LNKC] (IRQs 5 *9 10 11)
[    1.379156] ACPI: PCI Interrupt Link [LNKD] (IRQs 5 9 10 *11)
[    1.383175] ACPI: Enabled 2 GPEs in block 00 to 07
[    1.398041] vgaarb: setting as boot device: PCI:0000:00:02.0
[    1.400810] vgaarb: device added: PCI:0000:00:02.0,decodes=io+mem,owns=io+mem,locks=none
[    1.411749] vgaarb: loaded
[    1.414204] vgaarb: bridge control possible 0000:00:02.0
[    1.415945] SCSI subsystem initialized
[    1.417345] ACPI: bus type USB registered
[    1.418513] usbcore: registered new interface driver usbfs
[    1.420043] usbcore: registered new interface driver hub
[    1.421678] usbcore: registered new device driver usb
[    1.425573] PCI: Using ACPI for IRQ routing
[    1.427417] NetLabel: Initializing
[    1.428532] NetLabel:  domain hash size = 128
[    1.429775] NetLabel:  protocols = UNLABELED CIPSOv4
[    1.431201] NetLabel:  unlabeled traffic allowed by default
[    1.433109] amd_nb: Cannot enumerate AMD northbridges
[    1.434551] clocksource: Switched to clocksource kvm-clock
[    1.449895] AppArmor: AppArmor Filesystem Enabled
[    1.451452] pnp: PnP ACPI init
[    1.453864] pnp: PnP ACPI: found 3 devices
[    1.466507] clocksource: acpi_pm: mask: 0xffffff max_cycles: 0xffffff, max_idle_ns: 2085701024 ns
[    1.473104] NET: Registered protocol family 2
[    1.477166] TCP established hash table entries: 8192 (order: 4, 65536 bytes)
[    1.479564] TCP bind hash table entries: 8192 (order: 5, 131072 bytes)
[    1.481509] TCP: Hash tables configured (established 8192 bind 8192)
[    1.483860] UDP hash table entries: 512 (order: 2, 16384 bytes)
[    1.485596] UDP-Lite hash table entries: 512 (order: 2, 16384 bytes)
[    1.487342] NET: Registered protocol family 1
[    1.488579] pci 0000:00:00.0: Limiting direct PCI/PCI transfers
[    1.491667] pci 0000:00:01.0: Activating ISA DMA hang workarounds
[    1.493756] Unpacking initramfs...
[    1.758848] Freeing initrd memory: 14888K
[    1.760847] RAPL PMU detected, API unit is 2^-32 Joules, 3 fixed counters 10737418240 ms ovfl timer
[    1.766528] hw unit of domain pp0-core 2^-0 Joules
[    1.768560] hw unit of domain package 2^-0 Joules
[    1.771518] hw unit of domain pp1-gpu 2^-0 Joules
[    1.773483] clocksource: tsc: mask: 0xffffffffffffffff max_cycles: 0x29b4ee1aabe, max_idle_ns: 440795265226 ns
[    1.778362] platform rtc_cmos: registered platform RTC device (no PNP device found)
[    1.782203] Scanning for low memory corruption every 60 seconds
[    1.793065] audit: initializing netlink subsys (disabled)
[    1.797340] audit: type=2000 audit(1653070399.554:1): initialized
[    1.802140] Initialise system trusted keyring
[    1.809919] HugeTLB registered 2 MB page size, pre-allocated 0 pages
[    1.818213] zbud: loaded
[    1.820268] VFS: Disk quotas dquot_6.6.0
[    1.824845] VFS: Dquot-cache hash table entries: 512 (order 0, 4096 bytes)
[    1.828273] squashfs: version 4.0 (2009/01/31) Phillip Lougher
[    1.831506] fuse init (API version 7.23)
[    1.834155] Key type big_key registered
[    1.836395] Allocating IMA MOK and blacklist keyrings.
[    1.843066] Key type asymmetric registered
[    1.848474] Asymmetric key parser 'x509' registered
[    1.851494] Block layer SCSI generic (bsg) driver version 0.4 loaded (major 249)
[    1.881191] io scheduler noop registered
[    1.888692] io scheduler deadline registered (default)
[    1.897768] io scheduler cfq registered
[    1.903203] pci_hotplug: PCI Hot Plug PCI Core version: 0.5
[    1.908773] pciehp: PCI Express Hot Plug Controller Driver version: 0.4
[    1.919471] ACPI: AC Adapter [AC] (off-line)
[    1.926239] input: Power Button as /devices/LNXSYSTM:00/LNXPWRBN:00/input/input0
[    1.938947] ACPI: Power Button [PWRF]
[    1.942871] input: Sleep Button as /devices/LNXSYSTM:00/LNXSLPBN:00/input/input1
[    1.957966] ACPI: Sleep Button [SLPF]
[    1.963145] GHES: HEST is not enabled!
[    1.965589] ACPI: Battery Slot [BAT0] (battery present)
[    1.971911] Serial: 8250/16550 driver, 32 ports, IRQ sharing enabled
ty0 at I/O 0x3f8 (irq  4, base_baud = 115200) is a 16550A
[    2.933099] Linux agpgart interface v0.103
[    2.953238] loop: module loaded
[    2.958061] scsi host0: ata_piix
[    2.964002] scsi host1: ata_piix
[    2.966149] ata1: PATA max UDMA/33 cmd 0x1f0 ctl 0x3f6 bmdma 0xd000 irq 14
[    2.969687] ata2: PATA max UDMA/33 cmd 0x170 ctl 0x376 bmdma 0xd008 irq 15
[    2.974315] libphy: Fixed MDIO Bus: probed
[    2.977188] tun: Universal TUN/TAP device driver, 1.6
[    2.987286] tun: (C) 1999-2004 Max Krasnyansky <maxk@qualcomm.com>
[    2.990544] PPP generic driver version 2.4.2
[    2.997526] ehci_hcd: USB 2.0 'Enhanced' Host Controller (EHCI) Driver
[    3.007547] ehci-pci: EHCI PCI platform driver
[    3.009749] ehci-platform: EHCI generic platform driver
[    3.015327] ohci_hcd: USB 1.1 'Open' Host Controller (OHCI) Driver
[    3.019202] ohci-pci: OHCI PCI platform driver
[    3.021132] ohci-platform: OHCI generic platform driver
[    3.029056] uhci_hcd: USB Universal Host Controller Interface driver
[    3.032327] i8042: PNP: PS/2 Controller [PNP0303:PS2K,PNP0f03:PS2M] at 0x60,0x64 irq 1,12
[    3.037698] serio: i8042 KBD port at 0x60,0x64 irq 1
[    3.041414] serio: i8042 AUX port at 0x60,0x64 irq 12
[    3.044405] mousedev: PS/2 mouse device common for all mice
[    3.047644] input: AT Translated Set 2 keyboard as /devices/platform/i8042/serio0/input/input2
[    3.059580] rtc_cmos rtc_cmos: rtc core: registered rtc_cmos as rtc0
[    3.059678] rtc_cmos rtc_cmos: alarms up to one day, 114 bytes nvram
[    3.059694] i2c /dev entries driver
[    3.059780] device-mapper: uevent: version 1.0.3
[    3.059865] device-mapper: ioctl: 4.34.0-ioctl (2015-10-28) initialised: dm-devel@redhat.com
[    3.059892] ledtrig-cpu: registered to indicate activity on CPUs
[    3.063293] NET: Registered protocol family 10
[    3.063584] NET: Registered protocol family 17
[    3.063594] Key type dns_resolver registered
[    3.064510] registered taskstats version 1
[    3.064528] Loading compiled-in X.509 certificates
[    3.065782] Loaded X.509 cert 'Build time autogenerated kernel key: cf00e047681d67edb2720680708b7d9498083038'
[    3.065825] zswap: loaded using pool lzo/zbud
[    3.069327] Key type trusted registered
[    3.078131] Key type encrypted registered
[    3.078143] AppArmor: AppArmor sha1 policy hashing enabled
[    3.078147] ima: No TPM chip found, activating TPM-bypass!
[    3.078156] ima: Allocated hash algorithm: sha1
[    3.078181] evm: HMAC attrs: 0x1
[    3.079181]   Magic number: 6:574:241
[    3.102470] rtc_cmos rtc_cmos: setting system clock to 2022-05-20 18:13:12 UTC (1653070392)
[    3.102734] BIOS EDD facility v0.16 2004-Jun-25, 0 devices found
[    3.102735] EDD information not available.
[    3.281109] Freeing unused kernel memory: 1492K
[    3.323276] Write protecting the kernel read-only data: 14336k
[    3.349888] Freeing unused kernel memory: 1584K
[    3.355662] Freeing unused kernel memory: 52K
Loading, please wait...
starting version 229
[    3.400722] random: systemd-udevd: uninitialized urandom read (16 bytes read, 3 bits of entropy available)
[    3.405044] random: udevadm: uninitialized urandom read (16 bytes read, 3 bits of entropy available)
[    3.405068] random: udevadm: uninitialized urandom read (16 bytes read, 3 bits of entropy available)
[    3.431061] random: udevadm: uninitialized urandom read (16 bytes read, 3 bits of entropy available)
[    3.431146] random: udevadm: uninitialized urandom read (16 bytes read, 3 bits of entropy available)
[    3.431386] random: udevadm: uninitialized urandom read (16 bytes read, 3 bits of entropy available)
[    3.431727] random: udevadm: uninitialized urandom read (16 bytes read, 3 bits of entropy available)
[    3.432021] random: udevadm: uninitialized urandom read (16 bytes read, 3 bits of entropy available)
[    3.432115] random: udevadm: uninitialized urandom read (16 bytes read, 3 bits of entropy available)
[    3.432204] random: udevadm: uninitialized urandom read (16 bytes read, 3 bits of entropy available)
[    3.589669] e1000: Intel(R) PRO/1000 Network Driver - version 7.3.21-k8-NAPI
[    3.594122] e1000: Copyright (c) 1999-2006 Intel Corporation.
[    3.649001] Fusion MPT base driver 3.04.20
[    3.650223] Copyright (c) 1999-2008 LSI Corporation
[    3.668605] AVX version of gcm_enc/dec engaged.
[    3.675642] AES CTR mode by8 optimization enabled
[    3.693567] Fusion MPT SPI Host driver 3.04.20
[    3.832249] input: ImExPS/2 Generic Explorer Mouse as /devices/platform/i8042/serio1/input/input4
[    4.207543] e1000 0000:00:03.0 eth0: (PCI:33MHz:32-bit) 02:be:82:6b:cc:1d
[    4.211541] e1000 0000:00:03.0 eth0: Intel(R) PRO/1000 Network Connection
[    4.214749] mptbase: ioc0: Initiating bringup
[    4.279409] ioc0: LSI53C1030 A0: Capabilities={Initiator}
[    4.445676] scsi host2: ioc0: LSI53C1030 A0, FwRev=00000000h, Ports=1, MaxQ=256, IRQ=20
[    4.563786] scsi 2:0:0:0: Direct-Access     VBOX     HARDDISK         1.0  PQ: 0 ANSI: 5
[    4.569067] scsi target2:0:0: Beginning Domain Validation
[    4.572864] scsi target2:0:0: Domain Validation skipping write tests
[    4.575107] scsi target2:0:0: Ending Domain Validation
[    4.578268] scsi target2:0:0: asynchronous
[    4.580269] scsi 2:0:1:0: Direct-Access     VBOX     HARDDISK         1.0  PQ: 0 ANSI: 5
[    4.608401] scsi target2:0:1: Beginning Domain Validation
[    4.631243] scsi target2:0:1: Domain Validation skipping write tests
[    4.635034] scsi target2:0:1: Ending Domain Validation
[    4.636949] scsi target2:0:1: asynchronous
[    4.655929] sd 2:0:0:0: Attached scsi generic sg0 type 0
[    4.658398] sd 2:0:1:0: Attached scsi generic sg1 type 0
[    4.660509] sd 2:0:0:0: [sda] 83886080 512-byte logical blocks: (42.9 GB/40.0 GiB)
[    4.662997] sd 2:0:1:0: [sdb] 20480 512-byte logical blocks: (10.5 MB/10.0 MiB)
[    4.670657] sd 2:0:0:0: [sda] Write Protect is off
[    4.672938] sd 2:0:0:0: [sda] Incomplete mode parameter data
[    4.675455] sd 2:0:0:0: [sda] Assuming drive cache: write through
[    4.677536] sd 2:0:1:0: [sdb] Write Protect is off
[    4.680012] sd 2:0:1:0: [sdb] Incomplete mode parameter data
[    4.682171] sd 2:0:1:0: [sdb] Assuming drive cache: write through
[    4.720156]  sda: sda1
[    4.758442] sd 2:0:0:0: [sda] Attached SCSI disk
[    4.807847] sd 2:0:1:0: [sdb] Attached SCSI disk
[    5.187577] e1000 0000:00:08.0 eth1: (PCI:33MHz:32-bit) 08:00:27:58:b6:46
[    5.193270] e1000 0000:00:08.0 eth1: Intel(R) PRO/1000 Network Connection
[    5.203057] e1000 0000:00:03.0 enp0s3: renamed from eth0
[    5.215568] e1000 0000:00:08.0 enp0s8: renamed from eth1
Bin: Loading e[    7.725819] md: linear personality registered for level -1
ssential drivers ... [    7.806449] md: multipath personality registered for level -4
[    7.810516] md: raid0 personality registered for level 0
[    7.816311] md: raid1 personality registered for level 1
[    7.890831] raid6: sse2x1   gen()  8675 MB/s
[    7.958662] raid6: sse2x1   xor()  6791 MB/s
[    8.026992] raid6: sse2x2   gen() 10438 MB/s
[    8.094752] raid6: sse2x2   xor()  5026 MB/s
[    8.162781] raid6: sse2x4   gen()  8742 MB/s
[    8.230671] raid6: sse2x4   xor()  4087 MB/s
[    8.234439] raid6: using algorithm sse2x2 gen() 10438 MB/s
[    8.237790] raid6: .... xor() 5026 MB/s, rmw enabled
[    8.241199] raid6: using ssse3x2 recovery algorithm
[    8.247396] xor: automatically using best checksumming function:
[    8.287477]    avx       : 27971.000 MB/sec
[    8.290557] async_tx: api initialized (async)
[    8.303104] md: raid6 personality registered for level 6
[    8.305122] md: raid5 personality registered for level 5
[    8.306543] md: raid4 personality registered for level 4
[    8.314686] md: raid10 personality registered for level 10
done.
Begin: Running /scripts/init-premount ... done.
Begin: Mounting root file system ... Begin: Running /scripts/local-top ... done.
Begin: Running /scripts/local-premount ... [    8.352742] Btrfs loaded
Scanning for Btrfs filesystems
[    8.810667] random: nonblocking pool is initialized
done.
Warning: fsck not present, so skipping root file system
[   10.426234] EXT4-fs (sda1): INFO: recovery required on readonly filesystem
[   10.433875] EXT4-fs (sda1): write access will be enabled during recovery
[   13.970959] EXT4-fs (sda1): recovery complete
[   13.972556] EXT4-fs (sda1): mounted filesystem with ordered data mode. Opts: (null)
done.
Begin: Running /scripts/local-bottom ... done.
Begin: Running /scripts/init-bottom ... done.
[   15.101998] systemd[1]: systemd 229 running in system mode. (+PAM +AUDIT +SELINUX +IMA +APPARMOR +SMACK +SYSVINIT +UTMP +LIBCRYPTSETUP +GCRYPT +GNUTLS +ACL +XZ -LZ4 +SECCOMP +BLKID +ELFUTILS +KMOD -IDN)
[   15.109233] systemd[1]: Detected virtualization oracle.
[   15.110853] systemd[1]: Detected architecture x86-64.

Welcome to [1mUbuntu 16.04.7 LTS[0m!

[   15.225644] systemd[1]: Set hostname to <web01>.
[   18.081677] systemd[1]: Started Forward Password Requests to Wall Directory Watch.
[[0;32m  OK  [0m] Started Forward Password Requests to Wall Directory Watch.
[   18.095620] systemd[1]: Listening on udev Control Socket.
[[0;32m  OK  [0m] Listening on udev Control Socket.
[   18.105849] systemd[1]: Created slice System Slice.
[[0;32m  OK  [0m] Created slice System Slice.
[   18.111598] systemd[1]: Listening on Journal Audit Socket.
[[0;32m  OK  [0m] Listening on Journal Audit Socket.
[   18.115688] systemd[1]: Reached target Swap.
[[0;32m  OK  [0m] Reached target Swap.
[   18.120033] systemd[1]: Created slice User and Session Slice.
[[0;32m  OK  [0m] Created slice User and Session Slice.
[   18.128095] systemd[1]: Listening on LVM2 metadata daemon socket.
[[0;32m  OK  [0m] Listening on LVM2 metadata daemon socket.
[   18.135952] systemd[1]: Reached target Encrypted Volumes.
[[0;32m  OK  [0m] Reached target Encrypted Volumes.
[   18.141191] systemd[1]: Started Trigger resolvconf update for networkd DNS.
[[0;32m  OK  [0m] Started Trigger resolvconf update for networkd DNS.
[   18.146546] systemd[1]: Reached target System Time Synchronized.
[[0;32m  OK  [0m] Reached target System Time Synchronized.
[   18.152638] systemd[1]: Listening on Device-mapper event daemon FIFOs.
[[0;32m  OK  [0m] Listening on Device-mapper event daemon FIFOs.
[   18.158357] systemd[1]: Listening on udev Kernel Socket.
[[0;32m  OK  [0m] Listening on udev Kernel Socket.
[   18.771934] systemd[1]: Listening on Journal Socket (/dev/log).
[[0;32m  OK  [0m] Listening on Journal Socket (/dev/log).
[   18.777232] systemd[1]: Listening on Syslog Socket.
[[0;32m  OK  [0m] Listening on Syslog Socket.
[   18.782632] systemd[1]: Listening on Journal Socket.
[[0;32m  OK  [0m] Listening on Journal Socket.
[   18.915239] systemd[1]: Starting Monitoring of LVM2 mirrors, snapshots etc. using dmeventd or progress polling...
         Starting Monitoring of LVM2 mirrors... dmeventd or progress polling...
[   18.924167] systemd[1]: Mounting Huge Pages File System...
         Mounting Huge Pages File System...
[   18.962903] systemd[1]: Starting Create list of required static device nodes for the current kernel...
         Starting Create list of required st... nodes for the current kernel...
[   18.992186] systemd[1]: Starting Set console keymap...
         Starting Set console keymap...
[   18.999004] systemd[1]: Starting Uncomplicated firewall...
         Starting Uncomplicated firewall...
[   19.019257] systemd[1]: Starting Journal Service...
         Starting Journal Service...
[   19.038624] systemd[1]: Starting Nameserver information manager...
         Starting Nameserver information manager...
[   19.347103] systemd[1]: Starting Load Kernel Modules...
         Starting Load Kernel Modules...
[   19.354928] systemd[1]: Set up automount Arbitrary Executable File Formats File System Automount Point.
[[0;32m  OK  [0m] Set up automount Arbitrary Executab...ats File System Automount Point.
[   19.504337] systemd[1]: Listening on LVM2 poll daemon socket.
[[0;32m  OK  [0m] Listening on LVM2 poll daemon socket.
[   19.527033] systemd[1]: Mounting POSIX Message Queue File System...
         Mounting POSIX Message Queue File System...
[   19.542955] systemd[1]: Reached target Slices.
[[0;32m  OK  [0m] Reached target Slices.
[   19.567220] systemd[1]: Mounting Debug File System...
         Mounting Debug File System...
[   19.591199] systemd[1]: Reached target User and Group Name Lookups.
[[0;32m  OK  [0m] Reached target User and Group Name Lookups.
[   19.596345] systemd[1]: Listening on /dev/initctl Compatibility Named Pipe.
[[0;32m  OK  [0m] Listening on /dev/initctl Compatibility Named Pipe.
[   19.602422] systemd[1]: Created slice system-serial\x2dgetty.slice.
[[0;32m  OK  [0m] Created slice system-serial\x2dgetty.slice.
[   19.609246] systemd[1]: Listening on fsck to fsckd communication Socket.
[[0;32m  OK  [0m] Listening on fsck to fsckd communication Socket.
[   19.634992] systemd[1]: Starting File System Check on Root Device...
         Starting File System Check on Root Device...
[   19.652136] systemd[1]: Started Create list of required static device nodes for the current kernel.
[[0;32m  OK  [0m] Started Create list of required sta...ce nodes for the current kernel.
[   19.668289] systemd[1]: Started Uncomplicated firewall.
[[0;32m  OK  [0m] Started Uncomplicated firewall.
[   19.696366] systemd[1]: Starting Create Static Device Nodes in /dev...
         Starting Create Static Device Nodes in /dev...
[   19.749725] systemd[1]: Mounted Huge Pages File System.
[[0;32m  OK  [0m] Mounted Huge Pages File System.
[   19.762878] systemd[1]: Mounted POSIX Message Queue File System.
[[0;32m  OK  [0m] Mounted POSIX Message Queue File System.
[   19.770011] systemd[1]: Mounted Debug File System.
[[0;32m  OK  [0m] Mounted Debug File System.
[   20.099181] systemd[1]: Started Nameserver information manager.
[[0;32m  OK  [0m] Started Nameserver information manager.
[   20.113149] systemd[1]: Started File System Check Daemon to report status.
[[0;32m  OK  [0m] Started File System Check Daemon to report status.
[   20.132486] Loading iSCSI transport class v2.0-870.
[   20.522065] systemd[1]: Started Journal Service.
[[0;32m  OK  [0m] Started Journal Service.
[   20.623149] iscsi: registered transport (tcp)
[[0;32m  OK  [0m] Started Set console keymap.
[[0;32m  OK  [0m] Started LVM2 metadata daemon.
[[0;32m  OK  [0m] Started File System Check on Root Device.
         Starting Remount Root and Kernel File Systems...
[   21.331178] iscsi: registered transport (iser)
[   21.335279] EXT4-fs (sda1): re-mounted. Opts: (null)
[[0;32m  OK  [0m] Started Remount Root and Kernel File Systems.
[[0;32m  OK  [0m] Started Load Kernel Modules.
         Mounting FUSE Control File System...
         Starting Apply Kernel Variables...
         Starting Load/Save Random Seed...
         Starting udev Coldplug all Devices...
         Starting Flush Journal to Persistent Storage...
[[0;32m  OK  [0m] Mounted FUSE Control File System.
[[0;32m  OK  [0m] Started Load/Save Random Seed.
[[0;32m  OK  [0m] Started udev Coldplug all Devices.
[   21.801708] systemd-journald[382]: Received request to flush runtime journal from PID 1
[[0;32m  OK  [0m] Started Monitoring of LVM2 mirrors,...ng dmeventd or progress polling.
[[0;32m  OK  [0m] Started Flush Journal to Persistent Storage.
[[0;32m  OK  [0m] Started Create Static Device Nodes in /dev.
         Starting udev Kernel Device Manager...
[[0;32m  OK  [0m] Reached target Local File Systems (Pre).
[[0;32m  OK  [0m] Reached target Local File Systems.
         Starting Initial cloud-init job (pre-networking)...
         Starting Set console font and keymap...
         Starting Create Volatile Files and Directories...
         Starting LSB: AppArmor initialization...
         Starting Tell Plymouth To Write Out Runtime Data...
[[0;32m  OK  [0m] Started Apply Kernel Variables.
[[0;32m  OK  [0m] Started Tell Plymouth To Write Out Runtime Data.
[[0;32m  OK  [0m] Started Create Volatile Files and Directories.
         Starting Update UTMP about System Boot/Shutdown...
[[0;32m  OK  [0m] Started Update UTMP about System Boot/Shutdown.
[[0;32m  OK  [0m] Started Set console font and keymap.
[[0;32m  OK  [0m] Created slice system-getty.slice.
[[0;32m  OK  [0m] Started udev Kernel Device Manager.
[[0;32m  OK  [0m] Started Dispatch Password Requests to Console Directory Watch.
[[0;32m  OK  [0m] Found device /dev/ttyS0.
[[0;32m  OK  [0m] Listening on Load/Save RF Kill Switch Status /dev/rfkill Watch.
[[0;32m  OK  [0m] Found device 82540EM Gigabit Ethern...r (PRO/1000 MT Desktop Adapter).
[[0;32m  OK  [0m] Found device 82540EM Gigabit Ethern...r (PRO/1000 MT Desktop Adapter).
[[0;32m  OK  [0m] Started LSB: AppArmor initialization.
         Starting Load AppArmor profiles managed internally by snapd...
[[0;32m  OK  [0m] Started Load AppArmor profiles managed internally by snapd.
[   37.104781] cloud-init[473]: Cloud-init v. 21.1-19-gbad84ad4-0ubuntu1~16.04.2 running 'init-local' at Fri, 20 May 2022 18:13:45 +0000. Up 35.69 seconds.
[[0;32m  OK  [0m] Started Initial cloud-init job (pre-networking).
[[0;32m  OK  [0m] Reached target Network (Pre).
[[0;32m  OK  [0m] Started ifup for enp0s8.
         Starting Raise network interfaces...
[[0;32m  OK  [0m] Started ifup for enp0s3.
[[0;32m  OK  [0m] Started Raise network interfaces.
[[0;32m  OK  [0m] Reached target Network.
         Starting Initial cloud-init job (metadata service crawler)...
[   40.361228] cloud-init[1095]: Cloud-init v. 21.1-19-gbad84ad4-0ubuntu1~16.04.2 running 'init' at Fri, 20 May 2022 18:13:49 +0000. Up 39.01 seconds.
[   40.366178] cloud-init[1095]: ci-info: ++++++++++++++++++++++++++++++++++++++Net device info+++++++++++++++++++++++++++++++++++++++
[   40.373504] cloud-init[1095]: ci-info: +--------+------+-----------------------------+---------------+--------+-------------------+
[   40.385407] cloud-init[1095]: ci-info: | Device |  Up  |           Address           |      Mask     | Scope  |     Hw-Address    |
[   40.393064] cloud-init[1095]: ci-info: +--------+------+-----------------------------+---------------+--------+-------------------+
[   40.402186] cloud-init[1095]: ci-info: | enp0s3 | True |          10.0.2.15          | 255.255.255.0 | global | 02:be:82:6b:cc:1d |
[   40.417524] cloud-init[1095]: ci-info: | enp0s3 | True |  fe80::be:82ff:fe6b:cc1d/64 |       .       |  link  | 02:be:82:6b:cc:1d |
[   40.423256] cloud-init[1095]: ci-info: | enp0s8 | True |        192.168.56.11        | 255.255.255.0 | global | 08:00:27:58:b6:46 |
[   40.429572] cloud-init[1095]: ci-info: | enp0s8 | True | fe80::a00:27ff:fe58:b646/64 |       .       |  link  | 08:00:27:58:b6:46 |
[   40.441870] cloud-init[1095]: ci-info: |   lo   | True |          127.0.0.1          |   255.0.0.0   |  host  |         .         |
[   40.447437] cloud-init[1095]: ci-info: |   lo   | True |           ::1/128           |       .       |  host  |         .         |
[   40.457752] cloud-init[1095]: ci-info: +--------+------+-----------------------------+---------------+--------+-------------------+
[   40.465614] cloud-init[1095]: ci-info: ++++++++++++++++++++++++++++Route IPv4 info++++++++++++++++++++++++++++
[   40.469867] cloud-init[1095]: ci-info: +-------+--------------+----------+---------------+-----------+-------+
[   40.475439] cloud-init[1095]: ci-info: | Route | Destination  | Gateway  |    Genmask    | Interface | Flags |
[   40.489417] cloud-init[1095]: ci-info: +-------+--------------+----------+---------------+-----------+-------+
[   40.495143] cloud-init[1095]: ci-info: |   0   |   0.0.0.0    | 10.0.2.2 |    0.0.0.0    |   enp0s3  |   UG  |
[   40.501372] cloud-init[1095]: ci-info: |   1   |   10.0.2.0   | 0.0.0.0  | 255.255.255.0 |   enp0s3  |   U   |
[   40.504654] cloud-init[1095]: ci-info: |   2   | 192.168.56.0 | 0.0.0.0  | 255.255.255.0 |   enp0s8  |   U   |
[   40.507587] cloud-init[1095]: ci-info: +-------+--------------+----------+---------------+-----------+-------+
[   40.510462] cloud-init[1095]: ci-info: +++++++++++++++++++Route IPv6 info+++++++++++++++++++
[   40.520554] [[0;32m  OK  [0m] Started Initial cloud-init job (metadata service crawler).
[[0;32m  OK  [0m] Reached target Cloud-config availability.
[[0;32m  OK  [0m] Reached target Network is Online.
cloud-init[1095]: ci-info: +-------+-------------+---------+-----------+-------+
[   40.530221] cloud-init[1095]: ci-info: | Route | Destination | Gateway | Interface | Flags |
[   40.533778] cloud-init[1095]: ci-info: +-------+-------------+---------+-----------+-------+
         Starting iSCSI initiator daemon (iscsid)...
[[0;32m  OK  [0m] Reached target System Initialization.
[[0;32m  OK  [0m] Started Daily Cleanup of Temporary Directories.
[[0;32m  OK  [0m] Started Daily apt download activities.
[[0;32m  OK  [0m] Started Ubuntu Advantage update messaging.
[[0;32m  OK  [0m] Listening on D-Bus System Message Bus Socket.
         Starting Socket activation for snappy daemon.
[   40.543931] [[0;32m  OK  [0m] Started Message of the Day.
[[0;32m  OK  [0m] Listening on UUID daemon activation socket.
cloud-init[1095]: ci-info: |   0   |  fe80::/64  |    ::   |   enp0s8  |   U   |
[   40.557351] cloud-init[1095]: ci-info: |   1   |  fe80::/64  |    ::   |   enp0s3  |   U   |
[   40.561683] cloud-init[1095]: ci-info: |   5   |   ff00::/8  |    ::   |   enp0s8  |   U   |
[   40.565283] cloud-init[1095]: ci-info: |   6   |   ff00::/8  |    ::   |   enp0s3  |   U   |
[[0;32m  OK  [0m[   40.585371] cloud-init[1095]: ci-info: +-------+-------------+---------+-----------+-------+
] Started ACPI Events Check.
[[0;32m  OK  [0m] Reached target Paths.
         Starting LXD - unix socket.
[[0;32m  OK  [0m] Started Daily apt upgrade and clean activities.
[[0;32m  OK  [0m] Reached target Timers.
[[0;32m  OK  [0m] Listening on ACPID Listen Socket.
[[0;32m  OK  [0m] Listening on Socket activation for snappy daemon.
[[0;32m  OK  [0m] Listening on LXD - unix socket.
[[0;32m  OK  [0m] Reached target Sockets.
[[0;32m  OK  [0m] Reached target Basic System.
[[0;32m  OK  [0m] Started Deferred execution scheduler.
         Starting Ubuntu Advantage APT and MOTD Messages...
         Starting LXD - container startup/shutdown...
[[0;32m  OK  [0m] Started FUSE filesystem for LXC.
         Starting System Logging Service...
         Starting Login Service...
         Starting /etc/rc.local Compatibility...
[[0;32m  OK  [0m] Started D-Bus System Message Bus.
         Starting Message of the Day...
[[0;32m  OK  [0m] Started Regular background program processing daemon.
[[0;32m  OK  [0m] Started ACPI event daemon.
         Starting Snap Daemon...
         Starting LSB: Record successful boot for GRUB...
         Starting Accounts Service...
         Starting LSB: MD monitoring daemon...
         Starting OpenBSD Secure Shell server...
         Starting Virtualbox guest utils...
[[0;32m  OK  [0m] Started System Logging Service.
[[0;32m  OK  [0m] Started iSCSI initiator daemon (iscsid).
[[0;32m  OK  [0m] Started /etc/rc.local Compatibility.
[[0;32m  OK  [0m] Started Message of the Day.
[[0;32m  OK  [0m] Started Login Service.
[[0;32m  OK  [0m] Started Unattended Upgrades Shutdown.
         Starting Login to default iSCSI targets...
[[0;32m  OK  [0m] Started LSB: Record successful boot for GRUB.
[[0;32m  OK  [0m] Started LSB: MD monitoring daemon.
[[0;32m  OK  [0m] Started Login to default iSCSI targets.
[[0;32m  OK  [0m] Reached target Remote File Systems (Pre).
         Mounting /vagrant...
[[0;1;31mFAILED[0m] Failed to mount /vagrant.
See 'systemctl status vagrant.mount' for details.
[[0;1;33mDEPEND[0m] Dependency failed for Remote File Systems.
         Starting LSB: automatic crash report generation...
         Starting Permit User Sessions...
         Starting LSB: Set the CPU Frequency Scaling governor to "ondemand"...
         Starting LSB: daemon to balance interrupts for SMP systems...
[[0;32m  OK  [0m] Started LSB: Set the CPU Frequency Scaling governor to "ondemand".
[[0;32m  OK  [0m] Started Permit User Sessions.
         Starting Hold until boot process finishes up...
         Starting Terminate Plymouth Boot Screen...
[[0;32m  OK  [0m] Started Hold until boot process finishes up.
[[0;32m  OK  [0m] Started Terminate Plymouth Boot Screen.
         Starting Set console scheme...
[[0;32m  OK  [0m] Started Getty on tty1.
[[0;32m  OK  [0m] Started Serial Getty on ttyS0.
[[0;32m  OK  [0m] Reached target Login Prompts.
[[0;32m  OK  [0m] Started Set console scheme.
[[0;32m  OK  [0m] Started LSB: daemon to balance interrupts for SMP systems.
[[0;32m  OK  [0m] Started LSB: automatic crash report generation.
[[0;32m  OK  [0m] Started Virtualbox guest utils.

Ubuntu 16.04.7 LTS web01 ttyS0

web01 login: [   55.736315] cloud-init[1383]: Cloud-init v. 21.1-19-gbad84ad4-0ubuntu1~16.04.2 running 'modules:config' at Fri, 20 May 2022 18:14:05 +0000. Up 55.23 seconds.
[   57.398599] cloud-init[1402]: Cloud-init v. 21.1-19-gbad84ad4-0ubuntu1~16.04.2 running 'modules:final' at Fri, 20 May 2022 18:14:06 +0000. Up 56.12 seconds.
[   57.398922] cloud-init[1402]: Cloud-init v. 21.1-19-gbad84ad4-0ubuntu1~16.04.2 finished at Fri, 20 May 2022 18:14:07 +0000. Datasource DataSourceNoCloud [seed=/dev/sdb][dsmode=net].  Up 57.39 seconds
